2025-07-28 18:28:22,857 - INFO - [request_id=9c02e7f4-de56-493e-97fa-33a95256b050] - File not found
2025-07-28 18:28:22,857 - ERROR - [request_id=8fef5e95-65b2-4681-9d3f-06d44e73b207] - User login successful
2025-07-28 18:28:22,857 - WARNING - [request_id=da4d8ac3-e581-4a88-a8a2-05243ccc5bde] - Permission denied
2025-07-28 18:28:22,857 - ERROR - [request_id=0c178b35-0462-491c-a63f-cfb8e883134b] - Database updated
2025-07-28 18:28:22,857 - WARNING - [request_id=5e0c7b34-761f-4e74-8e73-2a310e2e4cb4] - User login successful
2025-07-28 18:28:22,857 - ERROR - [request_id=b20ebc47-0601-40e4-abe0-1a133f06da44] - File not found
2025-07-28 18:28:22,857 - ERROR - [request_id=0c178b35-0462-491c-a63f-cfb8e883134b] - Email sent to user
2025-07-28 18:28:22,858 - ERROR - [request_id=8fef5e95-65b2-4681-9d3f-06d44e73b207] - File not found
2025-07-28 18:28:22,858 - ERROR - [request_id=86d77db0-48b5-4976-a65f-d643a4d7e92a] - Session expired
2025-07-28 18:28:22,858 - ERROR - [request_id=86d77db0-48b5-4976-a65f-d643a4d7e92a] - Connection timeout
2025-07-28 18:28:22,858 - INFO - [request_id=8cef7020-9a16-4b90-955d-2a3988b04654] - File not found
2025-07-28 18:28:22,858 - INFO - [request_id=da4d8ac3-e581-4a88-a8a2-05243ccc5bde] - File not found
2025-07-28 18:28:22,858 - INFO - [request_id=b20ebc47-0601-40e4-abe0-1a133f06da44] - Email sent to user
2025-07-28 18:28:22,858 - WARNING - [request_id=0c178b35-0462-491c-a63f-cfb8e883134b] - Session expired
2025-07-28 18:28:22,858 - INFO - [request_id=9c147f8d-e5c0-43c0-b80d-347ee5590330] - User login successful
2025-07-28 18:28:22,858 - WARNING - [request_id=0c178b35-0462-491c-a63f-cfb8e883134b] - User failed authentication
2025-07-28 18:28:22,858 - ERROR - [request_id=da4d8ac3-e581-4a88-a8a2-05243ccc5bde] - Permission denied
2025-07-28 18:28:22,858 - ERROR - [request_id=adf54b67-b170-4a77-b4f5-3c66a4c82ef1] - Email sent to user
2025-07-28 18:28:22,858 - INFO - [request_id=9c147f8d-e5c0-43c0-b80d-347ee5590330] - Session expired
2025-07-28 18:28:22,858 - ERROR - [request_id=9c02e7f4-de56-493e-97fa-33a95256b050] - Unhandled exception occurred
